GROUP,PACKAGE,CLASS,INSTRUCTION_MISSED,INSTRUCTION_COVERED,BRANCH_MISSED,BRANCH_COVERED,LINE_MISSED,LINE_COVERED,COMPLEXITY_MISSED,COMPLEXITY_COVERED,METHOD_MISSED,METHOD_COVERED
vendor-service,com.smartcart.vendorservice.exception,GlobalExceptionHandler,7,3,0,0,1,1,1,1,1,1
vendor-service,com.smartcart.vendorservice,VendorServiceApplication,5,3,0,0,2,1,1,1,1,1
vendor-service,com.smartcart.vendorservice.aop,LoggingAspect,11,0,0,0,4,0,3,0,3,0
vendor-service,com.smartcart.vendorservice.controller,VendorController,0,24,0,0,0,4,0,4,0,4
vendor-service,com.smartcart.vendorservice.service,VendorService,0,48,0,0,0,9,0,6,0,6
